<?xml version="1.0" encoding="UTF-8"?>
<testng-results skipped="0" failed="0" ignored="0" total="2" passed="2">
  <reporter-output>
  </reporter-output>
  <suite name="Default suite" duration-ms="24654" started-at="2024-02-17T08:48:52 GMT" finished-at="2024-02-17T08:49:17 GMT">
    <groups>
    </groups>
    <test name="Default test" duration-ms="24654" started-at="2024-02-17T08:48:52 GMT" finished-at="2024-02-17T08:49:17 GMT">
      <class name="bookingfaisal.CreateUpdateBooking">
        <test-method status="PASS" signature="beforeTest()[pri:0, instance:bookingfaisal.CreateUpdateBooking@cb51256]" name="beforeTest" is-config="true" duration-ms="3438" started-at="2024-02-17T08:48:52 GMT" finished-at="2024-02-17T08:48:56 GMT">
          <reporter-output>
          </reporter-output>
        </test-method> <!-- beforeTest -->
        <test-method status="PASS" signature="updateBookingByPatch()[pri:0, instance:bookingfaisal.CreateUpdateBooking@cb51256]" name="updateBookingByPatch" duration-ms="17270" started-at="2024-02-17T08:48:56 GMT" finished-at="2024-02-17T08:49:13 GMT">
          <reporter-output>
          </reporter-output>
        </test-method> <!-- updateBookingByPatch -->
        <test-method status="PASS" signature="beforeTest()[pri:0, instance:bookingfaisal.CreateUpdateBooking@cb51256]" name="beforeTest" is-config="true" duration-ms="9" started-at="2024-02-17T08:49:13 GMT" finished-at="2024-02-17T08:49:13 GMT">
          <reporter-output>
          </reporter-output>
        </test-method> <!-- beforeTest -->
        <test-method status="PASS" signature="updateBookingByPutTest()[pri:0, instance:bookingfaisal.CreateUpdateBooking@cb51256]" name="updateBookingByPutTest" duration-ms="3694" started-at="2024-02-17T08:49:13 GMT" finished-at="2024-02-17T08:49:17 GMT">
          <reporter-output>
          </reporter-output>
        </test-method> <!-- updateBookingByPutTest -->
      </class> <!-- bookingfaisal.CreateUpdateBooking -->
    </test> <!-- Default test -->
  </suite> <!-- Default suite -->
</testng-results>
