<?xml version="1.0" encoding="UTF-8"?>
<!-- Generated by org.testng.reporters.JUnitXMLReporter -->
<testsuite hostname="DESKTOP-TJTR8G5" ignored="0" name="Test" tests="3" failures="0" timestamp="2024-02-17T11:40:12 GMT" time="76.433" errors="0">
  <testcase name="deleteBook" time="54.447" classname="bookingfaisal.DeletedBooking"/>
  <testcase name="updateBookingByPatch" time="3.292" classname="bookingfaisal.CreateUpdateBooking"/>
  <testcase name="updateBookingByPutTest" time="6.886" classname="bookingfaisal.CreateUpdateBooking"/>
</testsuite> <!-- Test -->
