<?xml version="1.0" encoding="UTF-8"?>
<testng-results skipped="0" failed="0" ignored="0" total="2" passed="2">
  <reporter-output>
  </reporter-output>
  <suite name="Suite" duration-ms="31858" started-at="2024-02-17T11:41:04 GMT" finished-at="2024-02-17T11:41:36 GMT">
    <groups>
    </groups>
    <test name="Test" duration-ms="31858" started-at="2024-02-17T11:41:04 GMT" finished-at="2024-02-17T11:41:36 GMT">
      <class name="bookingfaisal.CreateUpdateBooking">
        <test-method status="PASS" signature="beforeTest()[pri:0, instance:bookingfaisal.CreateUpdateBooking@cb51256]" name="beforeTest" is-config="true" duration-ms="4910" started-at="2024-02-17T11:41:04 GMT" finished-at="2024-02-17T11:41:09 GMT">
          <reporter-output>
          </reporter-output>
        </test-method> <!-- beforeTest -->
        <test-method status="PASS" signature="updateBookingByPatch()[pri:0, instance:bookingfaisal.CreateUpdateBooking@cb51256]" name="updateBookingByPatch" duration-ms="21575" started-at="2024-02-17T11:41:09 GMT" finished-at="2024-02-17T11:41:31 GMT">
          <reporter-output>
          </reporter-output>
        </test-method> <!-- updateBookingByPatch -->
        <test-method status="PASS" signature="beforeTest()[pri:0, instance:bookingfaisal.CreateUpdateBooking@cb51256]" name="beforeTest" is-config="true" duration-ms="9" started-at="2024-02-17T11:41:31 GMT" finished-at="2024-02-17T11:41:31 GMT">
          <reporter-output>
          </reporter-output>
        </test-method> <!-- beforeTest -->
        <test-method status="PASS" signature="updateBookingByPutTest()[pri:0, instance:bookingfaisal.CreateUpdateBooking@cb51256]" name="updateBookingByPutTest" duration-ms="5075" started-at="2024-02-17T11:41:31 GMT" finished-at="2024-02-17T11:41:36 GMT">
          <reporter-output>
          </reporter-output>
        </test-method> <!-- updateBookingByPutTest -->
      </class> <!-- bookingfaisal.CreateUpdateBooking -->
    </test> <!-- Test -->
  </suite> <!-- Suite -->
</testng-results>
